<?xml version="1.0" encoding="utf-8" ?>
<!DOCTYPE html PUBLIC "-//W3C//DTD XHTML 1.0 Strict//EN"
        "http://www.w3.org/TR/xhtml1/DTD/xhtml1-strict.dtd">
<html xmlns="http://www.w3.org/1999/xhtml" xml:lang="" lang="">
<head>
  <title>Test Results Report - Run on Chrome</title>
  <meta http-equiv="Content-Type" content="text/html;charset=utf-8" />
  <meta name="description" content="TestNG unit test results." />
  <link href="reportng.css" rel="stylesheet" type="text/css" />
    <script type="text/javascript" src="reportng.js"></script>
</head>
<body>
<h1>Run on Chrome</h1>
<p>
  Test duration: 31.782s
</p>



  <table class="resultsTable">
    <tr><th colspan="3" class="header failed">Failed Tests</th></tr>
          <tr>
        <td colspan="3" class="group">com.nopcommerce.login.Level_13_Register_Login_Log_ExtentReport_V3_V4</td>
      </tr>
            
<tr>
  <td class="method">
                  User_02_Login_To_System
      </td>
  <td class="duration">
    3.603s
  </td>
  <td class="result">
        
    
            <div class="testOutput">
                        [INFO ] [2021-08-24 16:13:36,788] User_02_Login - Step 01: Click to Login link
<br>
                                [INFO ] [2021-08-24 16:13:37,400] User_02_Login - Step 02: Enter to Email textbox with value testing36658@live.com
<br>
                                [INFO ] [2021-08-24 16:13:37,573] User_02_Login - Step 03: Enter to Password textbox with value 123456
<br>
                                [INFO ] [2021-08-24 16:13:37,728] User_02_Login - Step 04: Click to Login button
<br>
                                [INFO ] [2021-08-24 16:13:40,215] User_02_Login - Step 05: Verify Home Page displayed
<br>
                                [INFO ] [2021-08-24 16:13:40,389]  -------------------------- FAILED -------------------------- 
<br>
                                <br><a target="_blank" href="file:///D:\hth\hth\SeleniumOnl\03 - Hybrid Framework\hybrid-framework-bankguru/ReportNGScreenShots/User_02_Login_To_System_24_08_2021_04_13_40.png"><img src="file:///D:\hth\hth\SeleniumOnl\03 - Hybrid Framework\hybrid-framework-bankguru/ReportNGScreenShots/User_02_Login_To_System_24_08_2021_04_13_40.png" height='100' width='150'/> </a></br>
                  </div>
    

        <a href="javascript:toggleElement('exception-0', 'block')" title="Click to expand/collapse"><b>java.lang.AssertionError: expected [false] but found [true]</b></a><br />
    <div class="stackTrace" id="exception-0">
              org.testng.Assert.fail(Assert.java:99)<br />
              org.testng.Assert.failNotEquals(Assert.java:1037)<br />
              org.testng.Assert.assertFalse(Assert.java:67)<br />
              org.testng.Assert.assertFalse(Assert.java:77)<br />
              commons.BaseTest.checkFailed(BaseTest.java:110)<br />
              commons.BaseTest.verifyFalse(BaseTest.java:120)<br />
              com.nopcommerce.login.Level_13_Register_Login_Log_ExtentReport_V3_V4.User_02_Login_To_System(Level_13_Register_Login_Log_ExtentReport_V3_V4.java:80)<br />
              sun.reflect.NativeMethodAccessorImpl.invoke0(Native Method)<br />
              sun.reflect.NativeMethodAccessorImpl.invoke(NativeMethodAccessorImpl.java:62)<br />
              sun.reflect.DelegatingMethodAccessorImpl.invoke(DelegatingMethodAccessorImpl.java:43)<br />
              java.lang.reflect.Method.invoke(Method.java:498)<br />
              org.testng.internal.MethodInvocationHelper.invokeMethod(MethodInvocationHelper.java:133)<br />
              org.testng.internal.TestInvoker.invokeMethod(TestInvoker.java:598)<br />
              org.testng.internal.TestInvoker.invokeTestMethod(TestInvoker.java:173)<br />
              org.testng.internal.MethodRunner.runInSequence(MethodRunner.java:46)<br />
              org.testng.internal.TestInvoker$MethodInvocationAgent.invoke(TestInvoker.java:824)<br />
              org.testng.internal.TestInvoker.invokeTestMethods(TestInvoker.java:146)<br />
              org.testng.internal.TestMethodWorker.invokeTestMethods(TestMethodWorker.java:146)<br />
              org.testng.internal.TestMethodWorker.run(TestMethodWorker.java:128)<br />
              java.util.ArrayList.forEach(ArrayList.java:1259)<br />
              org.testng.TestRunner.privateRun(TestRunner.java:794)<br />
              org.testng.TestRunner.run(TestRunner.java:596)<br />
              org.testng.SuiteRunner.runTest(SuiteRunner.java:377)<br />
              org.testng.SuiteRunner.runSequentially(SuiteRunner.java:371)<br />
              org.testng.SuiteRunner.privateRun(SuiteRunner.java:332)<br />
              org.testng.SuiteRunner.run(SuiteRunner.java:276)<br />
              org.testng.SuiteRunnerWorker.runSuite(SuiteRunnerWorker.java:53)<br />
              org.testng.SuiteRunnerWorker.run(SuiteRunnerWorker.java:96)<br />
              org.testng.TestNG.runSuitesSequentially(TestNG.java:1212)<br />
              org.testng.TestNG.runSuitesLocally(TestNG.java:1134)<br />
              org.testng.TestNG.runSuites(TestNG.java:1063)<br />
              org.testng.TestNG.run(TestNG.java:1031)<br />
              com.intellij.rt.testng.IDEARemoteTestNG.run(IDEARemoteTestNG.java:66)<br />
              com.intellij.rt.testng.RemoteTestNGStarter.main(RemoteTestNGStarter.java:109)<br />
                </div>
      </td>
</tr>
      </table>


  <table class="resultsTable">
    <tr><th colspan="3" class="header passed">Passed Tests</th></tr>
          <tr>
        <td colspan="3" class="group">com.nopcommerce.login.Level_13_Register_Login_Log_ExtentReport_V3_V4</td>
      </tr>
            
<tr>
  <td class="method">
                  User_01_Register_To_System
      </td>
  <td class="duration">
    13.072s
  </td>
  <td class="result">
        
    
            <div class="testOutput">
                        [INFO ] [2021-08-24 16:13:23,710] User_01_Register2 - Step 01: Verify Home Page is displayed
<br>
                                [INFO ] [2021-08-24 16:13:23,921]  -------------------------- PASSED -------------------------- 
<br>
                                [INFO ] [2021-08-24 16:13:23,925] User_01_Register - Step 02: Click to Register link
<br>
                                [INFO ] [2021-08-24 16:13:25,449] User_01_Register - Step 03: Click to Male radio button
<br>
                                [INFO ] [2021-08-24 16:13:25,568] User_01_Register - Step 04: Enter to Firstname textbox
<br>
                                [INFO ] [2021-08-24 16:13:25,779] User_01_Register - Step 05: Enter to Lastname textbox
<br>
                                [INFO ] [2021-08-24 16:13:25,951] User_01_Register - Step 06: Enter to Email textbox with value testing36658@live.com
<br>
                                [INFO ] [2021-08-24 16:13:26,160] User_01_Register - Step 07: Enter to Password textbox with value 123456
<br>
                                [INFO ] [2021-08-24 16:13:31,353] User_01_Register - Step 08: Enter to Confirm Password textbox with value 123456
<br>
                                [INFO ] [2021-08-24 16:13:31,669] User_01_Register - Step 09: Click to Register button
<br>
                                [INFO ] [2021-08-24 16:13:34,030] User_01_Register - Step 10: Verify success message displayed
<br>
                                [INFO ] [2021-08-24 16:13:34,107]  -------------------------- PASSED -------------------------- 
<br>
                                [INFO ] [2021-08-24 16:13:34,107] User_01_Register - Step 11: Click to Logout  link
<br>
                                [INFO ] [2021-08-24 16:13:36,692] User_01_Register - Step 12: Verify Home Page displayed
<br>
                                [INFO ] [2021-08-24 16:13:36,780]  -------------------------- PASSED -------------------------- 
<br>
                  </div>
    

      </td>
</tr>
      </table>
  
</body>
</html>
