<?xml version="1.0" encoding="utf-8" ?>
<!DOCTYPE html PUBLIC "-//W3C//DTD XHTML 1.0 Strict//EN"
        "http://www.w3.org/TR/xhtml1/DTD/xhtml1-strict.dtd">
<html xmlns="http://www.w3.org/1999/xhtml" xml:lang="" lang="">
<head>
  <title>Test Results Report - Run on Edge Chromiun</title>
  <meta http-equiv="Content-Type" content="text/html;charset=utf-8" />
  <meta name="description" content="TestNG unit test results." />
  <link href="reportng.css" rel="stylesheet" type="text/css" />
    <script type="text/javascript" src="reportng.js"></script>
</head>
<body>
<h1>Run on Edge Chromiun</h1>
<p>
  Test duration: 70.762s
</p>



  <table class="resultsTable">
    <tr><th colspan="3" class="header failed">Failed Tests</th></tr>
          <tr>
        <td colspan="3" class="group">com.nopcommerce.login.Level_13_Register_Login_Log_ReportNG</td>
      </tr>
            
<tr>
  <td class="method">
                  User_02_Login_To_System
      </td>
  <td class="duration">
    8.628s
  </td>
  <td class="result">
        
    
            <div class="testOutput">
                        [INFO ] [2021-08-09 18:02:57,313] User_02_Login - Step 01: Click to Login link
<br/>
<br />
                                [INFO ] [2021-08-09 18:02:58,731] User_02_Login - Step 02: Enter to Email textbox with value testing15938@live.com
<br/>
<br />
                                [INFO ] [2021-08-09 18:02:58,924] User_02_Login - Step 03: Enter to Password textbox with value 123456
<br/>
<br />
                                [INFO ] [2021-08-09 18:02:59,450] User_02_Login - Step 04: Click to Login button
<br/>
<br />
                                [INFO ] [2021-08-09 18:03:05,465] User_02_Login - Step 05: Verify Home Page displayed
<br/>
<br />
                                [INFO ] [2021-08-09 18:03:05,939]&nbsp; -------------------------- FAILED -------------------------- 
<br/>
<br />
                  </div>
    

        <a href="javascript:toggleElement('exception-0', 'block')" title="Click to expand/collapse"><b>java.lang.AssertionError: expected [false] but found [true]</b></a><br />
    <div class="stackTrace" id="exception-0">
              org.testng.Assert.fail(Assert.java:99)<br />
              org.testng.Assert.failNotEquals(Assert.java:1037)<br />
              org.testng.Assert.assertFalse(Assert.java:67)<br />
              org.testng.Assert.assertFalse(Assert.java:77)<br />
              commons.BaseTest.checkFailed(BaseTest.java:104)<br />
              commons.BaseTest.verifyFalse(BaseTest.java:114)<br />
              com.nopcommerce.login.Level_13_Register_Login_Log_ReportNG.User_02_Login_To_System(Level_13_Register_Login_Log_Report.java:78)<br />
              sun.reflect.NativeMethodAccessorImpl.invoke0(Native Method)<br />
              sun.reflect.NativeMethodAccessorImpl.invoke(NativeMethodAccessorImpl.java:62)<br />
              sun.reflect.DelegatingMethodAccessorImpl.invoke(DelegatingMethodAccessorImpl.java:43)<br />
              java.lang.reflect.Method.invoke(Method.java:498)<br />
              org.testng.internal.MethodInvocationHelper.invokeMethod(MethodInvocationHelper.java:133)<br />
              org.testng.internal.TestInvoker.invokeMethod(TestInvoker.java:598)<br />
              org.testng.internal.TestInvoker.invokeTestMethod(TestInvoker.java:173)<br />
              org.testng.internal.MethodRunner.runInSequence(MethodRunner.java:46)<br />
              org.testng.internal.TestInvoker$MethodInvocationAgent.invoke(TestInvoker.java:824)<br />
              org.testng.internal.TestInvoker.invokeTestMethods(TestInvoker.java:146)<br />
              org.testng.internal.TestMethodWorker.invokeTestMethods(TestMethodWorker.java:146)<br />
              org.testng.internal.TestMethodWorker.run(TestMethodWorker.java:128)<br />
              java.util.ArrayList.forEach(ArrayList.java:1259)<br />
              org.testng.TestRunner.privateRun(TestRunner.java:794)<br />
              org.testng.TestRunner.run(TestRunner.java:596)<br />
              org.testng.SuiteRunner.runTest(SuiteRunner.java:377)<br />
              org.testng.SuiteRunner.runSequentially(SuiteRunner.java:371)<br />
              org.testng.SuiteRunner.privateRun(SuiteRunner.java:332)<br />
              org.testng.SuiteRunner.run(SuiteRunner.java:276)<br />
              org.testng.SuiteRunnerWorker.runSuite(SuiteRunnerWorker.java:53)<br />
              org.testng.SuiteRunnerWorker.run(SuiteRunnerWorker.java:96)<br />
              org.testng.TestNG.runSuitesSequentially(TestNG.java:1212)<br />
              org.testng.TestNG.runSuitesLocally(TestNG.java:1134)<br />
              org.testng.TestNG.runSuites(TestNG.java:1063)<br />
              org.testng.TestNG.run(TestNG.java:1031)<br />
              com.intellij.rt.testng.IDEARemoteTestNG.run(IDEARemoteTestNG.java:66)<br />
              com.intellij.rt.testng.RemoteTestNGStarter.main(RemoteTestNGStarter.java:109)<br />
                </div>
      </td>
</tr>
      </table>


  <table class="resultsTable">
    <tr><th colspan="3" class="header passed">Passed Tests</th></tr>
          <tr>
        <td colspan="3" class="group">com.nopcommerce.login.Level_13_Register_Login_Log_ReportNG</td>
      </tr>
            
<tr>
  <td class="method">
                  User_01_TheRegister_To_System
      </td>
  <td class="duration">
    23.954s
  </td>
  <td class="result">
        
    
            <div class="testOutput">
                        [INFO ] [2021-08-09 18:02:33,358] User_01_Register2 - Step 01: Verify Home Page is displayed
<br/>
<br />
                                [INFO ] [2021-08-09 18:02:34,275]&nbsp; -------------------------- PASSED -------------------------- 
<br/>
<br />
                                [INFO ] [2021-08-09 18:02:34,275] User_01_Register - Step 02: Click to Register link
<br/>
<br />
                                [INFO ] [2021-08-09 18:02:37,542] User_01_Register - Step 03: Click to Male radio button
<br/>
<br />
                                [INFO ] [2021-08-09 18:02:38,352] User_01_Register - Step 04: Enter to Firstname textbox
<br/>
<br />
                                [INFO ] [2021-08-09 18:02:41,571] User_01_Register - Step 05: Enter to Lastname textbox
<br/>
<br />
                                [INFO ] [2021-08-09 18:02:42,696] User_01_Register - Step 06: Enter to Email textbox with value testing15938@live.com
<br/>
<br />
                                [INFO ] [2021-08-09 18:02:45,967] User_01_Register - Step 07: Enter to Password textbox with value 123456
<br/>
<br />
                                [INFO ] [2021-08-09 18:02:48,133] User_01_Register - Step 08: Enter to Confirm Password textbox with value 123456
<br/>
<br />
                                [INFO ] [2021-08-09 18:02:49,817] User_01_Register - Step 09: Click to Register button
<br/>
<br />
                                [INFO ] [2021-08-09 18:02:53,394] User_01_Register - Step 10: Verify success message displayed
<br/>
<br />
                                [INFO ] [2021-08-09 18:02:53,589]&nbsp; -------------------------- PASSED -------------------------- 
<br/>
<br />
                                [INFO ] [2021-08-09 18:02:53,589] User_01_Register - Step 11: Click to Logout&nbsp; link
<br/>
<br />
                                [INFO ] [2021-08-09 18:02:56,972] User_01_Register - Step 12: Verify Home Page displayed
<br/>
<br />
                                [INFO ] [2021-08-09 18:02:57,310]&nbsp; -------------------------- PASSED -------------------------- 
<br/>
<br />
                  </div>
    

      </td>
</tr>
      </table>
  
</body>
</html>
