<?xml version="1.0" encoding="UTF-8"?>
<testsuite name="Run on FF"
           tests="4"
           failures="1"
           errors="0"
           skipped="3"
           time="8.895">
  <properties />
            <testcase name="beforeClass" time="8.895" classname="com.nopcommerce.login.Level_14_Register_Login_Share_State">
                <failure type="org.openqa.selenium.NoSuchSessionException"
                  message="Session ID is null. Using WebDriver after calling quit()?
Build info: version: &apos;3.141.59&apos;, revision: &apos;e82be7d358&apos;, time: &apos;2018-11-14T08:25:48&apos;
System info: host: &apos;ADMIN-PC&apos;, ip: &apos;192.168.20.2&apos;, os.name: &apos;Windows 7&apos;, os.arch: &apos;amd64&apos;, os.version: &apos;6.1&apos;, java.version: &apos;1.8.0_281&apos;
Driver info: driver.version: RemoteWebDriver"
              >
<![CDATA[org.openqa.selenium.NoSuchSessionException: Session ID is null. Using WebDriver after calling quit()?
Build info: version: '3.141.59', revision: 'e82be7d358', time: '2018-11-14T08:25:48'
System info: host: 'ADMIN-PC', ip: '192.168.20.2', os.name: 'Windows 7', os.arch: 'amd64', os.version: '6.1', java.version: '1.8.0_281'
Driver info: driver.version: RemoteWebDriver
  org.openqa.selenium.remote.HttpCommandExecutor.execute(HttpCommandExecutor.java:125)
  org.openqa.selenium.remote.service.DriverCommandExecutor.execute(DriverCommandExecutor.java:83)
  org.openqa.selenium.remote.RemoteWebDriver.execute(RemoteWebDriver.java:552)
  org.openqa.selenium.remote.RemoteWebDriver.findElement(RemoteWebDriver.java:323)
  org.openqa.selenium.remote.RemoteWebDriver.findElementByXPath(RemoteWebDriver.java:428)
  org.openqa.selenium.By$ByXPath.findElement(By.java:353)
  org.openqa.selenium.remote.RemoteWebDriver.findElement(RemoteWebDriver.java:315)
  org.openqa.selenium.support.ui.ExpectedConditions$7.apply(ExpectedConditions.java:205)
  org.openqa.selenium.support.ui.ExpectedConditions$7.apply(ExpectedConditions.java:201)
  org.openqa.selenium.support.ui.ExpectedConditions$22.apply(ExpectedConditions.java:641)
  org.openqa.selenium.support.ui.ExpectedConditions$22.apply(ExpectedConditions.java:638)
  org.openqa.selenium.support.ui.FluentWait.until(FluentWait.java:249)
  commons.BasePage.waitForElementClickable(BasePage.java:448)
  pageObjects.user.nopCommerce.HomePageObject.clickToLoginLink(HomePageObject.java:33)
  com.nopcommerce.login.Level_14_Register_Login_Share_State.beforeClass(Level_14_Register_Login_Share_State.java:28)
  sun.reflect.NativeMethodAccessorImpl.invoke0(Native Method)
  sun.reflect.NativeMethodAccessorImpl.invoke(NativeMethodAccessorImpl.java:62)
  sun.reflect.DelegatingMethodAccessorImpl.invoke(DelegatingMethodAccessorImpl.java:43)
  java.lang.reflect.Method.invoke(Method.java:498)
  org.testng.internal.MethodInvocationHelper.invokeMethod(MethodInvocationHelper.java:133)
  org.testng.internal.MethodInvocationHelper.invokeMethodConsideringTimeout(MethodInvocationHelper.java:62)
  org.testng.internal.ConfigInvoker.invokeConfigurationMethod(ConfigInvoker.java:385)
  org.testng.internal.ConfigInvoker.invokeConfigurations(ConfigInvoker.java:321)
  org.testng.internal.TestMethodWorker.invokeBeforeClassMethods(TestMethodWorker.java:176)
  org.testng.internal.TestMethodWorker.run(TestMethodWorker.java:122)
  java.util.ArrayList.forEach(ArrayList.java:1259)
  org.testng.TestRunner.privateRun(TestRunner.java:794)
  org.testng.TestRunner.run(TestRunner.java:596)
  org.testng.SuiteRunner.runTest(SuiteRunner.java:377)
  org.testng.SuiteRunner.runSequentially(SuiteRunner.java:371)
  org.testng.SuiteRunner.privateRun(SuiteRunner.java:332)
  org.testng.SuiteRunner.run(SuiteRunner.java:276)
  org.testng.SuiteRunnerWorker.runSuite(SuiteRunnerWorker.java:53)
  org.testng.SuiteRunnerWorker.run(SuiteRunnerWorker.java:96)
  org.testng.TestNG.runSuitesSequentially(TestNG.java:1212)
  org.testng.TestNG.runSuitesLocally(TestNG.java:1134)
  org.testng.TestNG.runSuites(TestNG.java:1063)
  org.testng.TestNG.run(TestNG.java:1031)
  com.intellij.rt.testng.IDEARemoteTestNG.run(IDEARemoteTestNG.java:66)
  com.intellij.rt.testng.RemoteTestNGStarter.main(RemoteTestNGStarter.java:109)
]]>
      </failure>

          </testcase>
  
            <testcase name="User_02_Move_Account" time="0.0" classname="com.nopcommerce.login.Level_14_Register_Login_Share_State">
          <skipped />
    </testcase>
            <testcase name="User_01_Create_New_Account" time="0.0" classname="com.nopcommerce.login.Level_14_Register_Login_Share_State">
          <skipped />
    </testcase>
            <testcase name="User_03_Delete_Account" time="0.0" classname="com.nopcommerce.login.Level_14_Register_Login_Share_State">
          <skipped />
    </testcase>
  
  
</testsuite>
