<?xml version="1.0" encoding="UTF-8"?>
<!-- Generated by org.testng.reporters.JUnitXMLReporter -->
<testsuite hostname="admin-PC" ignored="0" name="Run on Chrome" tests="2" failures="1" timestamp="2021-08-27T19:38:14 ICT" time="35.627" errors="0">
  <testcase name="User_01_Register_To_System" time="9.081" classname="com.nopcommerce.login.Level_13_Register_Login_Log_Allure"/>
  <testcase name="User_02_Login_To_System" time="3.359" classname="com.nopcommerce.login.Level_13_Register_Login_Log_Allure">
    <failure type="java.lang.AssertionError" message="expected [false] but found [true]">
      <![CDATA[java.lang.AssertionError: expected [false] but found [true]
at commons.BaseTest.checkFailed(BaseTest.java:110)
at commons.BaseTest.verifyFalse(BaseTest.java:120)
at com.nopcommerce.login.Level_13_Register_Login_Log_Allure.User_02_Login_To_System(Level_13_Register_Login_Log_Allure.java:90)
at java.util.ArrayList.forEach(Unknown Source)
... Removed 30 stack frames]]>
    </failure>
  </testcase> <!-- User_02_Login_To_System -->
</testsuite> <!-- Run on Chrome -->
