<?xml version="1.0" encoding="UTF-8"?>
<!-- Generated by org.testng.reporters.JUnitReportReporter -->
<testsuite skipped="0" hostname="admin-PC" name="com.nopcommerce.login.Level_13_Register_Login_Log_Allure" tests="2" failures="1" timestamp="2021-08-27T19:38:15 ICT" time="12.440" errors="0">
  <testcase name="User_01_Register_To_System" time="9.081" classname="com.nopcommerce.login.Level_13_Register_Login_Log_Allure"/>
  <system-out>
    <![CDATA[[INFO ] [2021-08-27 19:38:01,109] User_01_Register2 - Step 01: Verify Home Page is displayed
<br>
[INFO ] [2021-08-27 19:38:01,313]  -------------------------- PASSED -------------------------- 
<br>
[INFO ] [2021-08-27 19:38:01,318] User_01_Register - Step 02: Click to Register link
<br>
[INFO ] [2021-08-27 19:38:03,238] User_01_Register - Step 03: Click to Male radio button
<br>
[INFO ] [2021-08-27 19:38:03,338] User_01_Register - Step 04: Enter to Firstname textbox
<br>
[INFO ] [2021-08-27 19:38:03,506] User_01_Register - Step 05: Enter to Lastname textbox
<br>
[INFO ] [2021-08-27 19:38:03,675] User_01_Register - Step 06: Enter to Email textbox with value testing14739@live.com
<br>
[INFO ] [2021-08-27 19:38:03,860] User_01_Register - Step 07: Enter to Password textbox with value 123456
<br>
[INFO ] [2021-08-27 19:38:04,060] User_01_Register - Step 08: Enter to Confirm Password textbox with value 123456
<br>
[INFO ] [2021-08-27 19:38:04,213] User_01_Register - Step 09: Click to Register button
<br>
[INFO ] [2021-08-27 19:38:06,375] User_01_Register - Step 10: Verify success message displayed
<br>
[INFO ] [2021-08-27 19:38:06,440]  -------------------------- PASSED -------------------------- 
<br>
[INFO ] [2021-08-27 19:38:06,441] User_01_Register - Step 11: Click to Logout  link
<br>
[INFO ] [2021-08-27 19:38:09,849] User_01_Register - Step 12: Verify Home Page displayed
<br>
[INFO ] [2021-08-27 19:38:10,035]  -------------------------- PASSED -------------------------- 
<br>]]>
  </system-out>
  <testcase name="User_02_Login_To_System" time="3.359" classname="com.nopcommerce.login.Level_13_Register_Login_Log_Allure">
    <failure type="java.lang.AssertionError" message="expected [false] but found [true]">
      <![CDATA[java.lang.AssertionError: expected [false] but found [true]
at org.testng.Assert.fail(Assert.java:99)
at org.testng.Assert.failNotEquals(Assert.java:1037)
at org.testng.Assert.assertFalse(Assert.java:67)
at org.testng.Assert.assertFalse(Assert.java:77)
at commons.BaseTest.checkFailed(BaseTest.java:110)
at commons.BaseTest.verifyFalse(BaseTest.java:120)
at com.nopcommerce.login.Level_13_Register_Login_Log_Allure.User_02_Login_To_System(Level_13_Register_Login_Log_Allure.java:90)
at sun.reflect.NativeMethodAccessorImpl.invoke0(Native Method)
at sun.reflect.NativeMethodAccessorImpl.invoke(Unknown Source)
at sun.reflect.DelegatingMethodAccessorImpl.invoke(Unknown Source)
at java.lang.reflect.Method.invoke(Unknown Source)
at org.testng.internal.MethodInvocationHelper.invokeMethod(MethodInvocationHelper.java:133)
at org.testng.internal.TestInvoker.invokeMethod(TestInvoker.java:598)
at org.testng.internal.TestInvoker.invokeTestMethod(TestInvoker.java:173)
at org.testng.internal.MethodRunner.runInSequence(MethodRunner.java:46)
at org.testng.internal.TestInvoker$MethodInvocationAgent.invoke(TestInvoker.java:824)
at org.testng.internal.TestInvoker.invokeTestMethods(TestInvoker.java:146)
at org.testng.internal.TestMethodWorker.invokeTestMethods(TestMethodWorker.java:146)
at org.testng.internal.TestMethodWorker.run(TestMethodWorker.java:128)
at java.util.ArrayList.forEach(Unknown Source)
at org.testng.TestRunner.privateRun(TestRunner.java:794)
at org.testng.TestRunner.run(TestRunner.java:596)
at org.testng.SuiteRunner.runTest(SuiteRunner.java:377)
at org.testng.SuiteRunner.runSequentially(SuiteRunner.java:371)
at org.testng.SuiteRunner.privateRun(SuiteRunner.java:332)
at org.testng.SuiteRunner.run(SuiteRunner.java:276)
at org.testng.SuiteRunnerWorker.runSuite(SuiteRunnerWorker.java:53)
at org.testng.SuiteRunnerWorker.run(SuiteRunnerWorker.java:96)
at org.testng.TestNG.runSuitesSequentially(TestNG.java:1212)
at org.testng.TestNG.runSuitesLocally(TestNG.java:1134)
at org.testng.TestNG.runSuites(TestNG.java:1063)
at org.testng.TestNG.run(TestNG.java:1031)
at org.testng.TestNG.privateMain(TestNG.java:1365)
at org.testng.TestNG.main(TestNG.java:1329)
]]>
    </failure>
  </testcase> <!-- User_02_Login_To_System -->
  <system-out>
    <![CDATA[[INFO ] [2021-08-27 19:38:10,320] User_02_Login - Step 01: Click to Login link
<br>
[INFO ] [2021-08-27 19:38:11,572] User_02_Login - Step 02: Enter to Email textbox with value testing14739@live.com
<br>
[INFO ] [2021-08-27 19:38:11,738] User_02_Login - Step 03: Enter to Password textbox with value 123456
<br>
[INFO ] [2021-08-27 19:38:11,887] User_02_Login - Step 04: Click to Login button
<br>
[INFO ] [2021-08-27 19:38:13,576] User_02_Login - Step 05: Verify Home Page displayed
<br>
[INFO ] [2021-08-27 19:38:13,666]  -------------------------- FAILED -------------------------- 
<br>]]>
  </system-out>
</testsuite> <!-- com.nopcommerce.login.Level_13_Register_Login_Log_Allure -->
