<?xml version="1.0" encoding="UTF-8"?>
<!-- Generated by org.testng.reporters.JUnitReportReporter -->
<testsuite skipped="0" hostname="admin-PC" name="com.nopcommerce.login.Level_13_Register_Login_Log_ReportNG" tests="2" failures="1" timestamp="2021-06-21T01:11:42 ICT" time="18.177" errors="0">
  <testcase name="User_02_Login_To_System" time="4.958" classname="com.nopcommerce.login.Level_13_Register_Login_Log_ReportNG">
    <failure type="java.lang.AssertionError" message="expected [false] but found [true]">
        <![CDATA[java.lang.AssertionError: expected [false] but found [true]
at org.testng.Assert.fail(Assert.java:99)
at org.testng.Assert.failNotEquals(Assert.java:1037)
at org.testng.Assert.assertFalse(Assert.java:67)
at org.testng.Assert.assertFalse(Assert.java:77)
at commons.BaseTest.checkFailed(BaseTest.java:102)
at commons.BaseTest.verifyFalse(BaseTest.java:112)
at com.nopcommerce.login.Level_13_Register_Login_Log_ReportNG.User_02_Login_To_System(Level_13_Register_Login_Log_Report.java:81)
at sun.reflect.NativeMethodAccessorImpl.invoke0(Native Method)
at sun.reflect.NativeMethodAccessorImpl.invoke(NativeMethodAccessorImpl.java:62)
at sun.reflect.DelegatingMethodAccessorImpl.invoke(DelegatingMethodAccessorImpl.java:43)
at java.lang.reflect.Method.invoke(Method.java:498)
at org.testng.internal.MethodInvocationHelper.invokeMethod(MethodInvocationHelper.java:133)
at org.testng.internal.TestInvoker.invokeMethod(TestInvoker.java:598)
at org.testng.internal.TestInvoker.invokeTestMethod(TestInvoker.java:173)
at org.testng.internal.MethodRunner.runInSequence(MethodRunner.java:46)
at org.testng.internal.TestInvoker$MethodInvocationAgent.invoke(TestInvoker.java:824)
at org.testng.internal.TestInvoker.invokeTestMethods(TestInvoker.java:146)
at org.testng.internal.TestMethodWorker.invokeTestMethods(TestMethodWorker.java:146)
at org.testng.internal.TestMethodWorker.run(TestMethodWorker.java:128)
at java.util.ArrayList.forEach(ArrayList.java:1259)
at org.testng.TestRunner.privateRun(TestRunner.java:794)
at org.testng.TestRunner.run(TestRunner.java:596)
at org.testng.SuiteRunner.runTest(SuiteRunner.java:377)
at org.testng.SuiteRunner.runSequentially(SuiteRunner.java:371)
at org.testng.SuiteRunner.privateRun(SuiteRunner.java:332)
at org.testng.SuiteRunner.run(SuiteRunner.java:276)
at org.testng.SuiteRunnerWorker.runSuite(SuiteRunnerWorker.java:53)
at org.testng.SuiteRunnerWorker.run(SuiteRunnerWorker.java:96)
at org.testng.TestNG.runSuitesSequentially(TestNG.java:1212)
at org.testng.TestNG.runSuitesLocally(TestNG.java:1134)
at org.testng.TestNG.runSuites(TestNG.java:1063)
at org.testng.TestNG.run(TestNG.java:1031)
at com.intellij.rt.testng.IDEARemoteTestNG.run(IDEARemoteTestNG.java:66)
at com.intellij.rt.testng.RemoteTestNGStarter.main(RemoteTestNGStarter.java:109)
]]>
    </failure>
  </testcase> <!-- User_02_Login_To_System -->
  <system-out>
    <![CDATA[[INFO ] [2021-06-21 01:11:33,948] User_02_Login - Step 01: Click to Login link

[INFO ] [2021-06-21 01:11:35,756] User_02_Login - Step 02: Enter to Email textbox with value testing12033@live.com

[INFO ] [2021-06-21 01:11:35,996] User_02_Login - Step 03: Enter to Password textbox with value 123456

[INFO ] [2021-06-21 01:11:36,258] User_02_Login - Step 04: Click to Login button

[INFO ] [2021-06-21 01:11:38,806] User_02_Login - Step 05: Verify Home Page displayed

[INFO ] [2021-06-21 01:11:38,904]  -------------------------- FAILED -------------------------- 
]]>
  </system-out>
  <testcase name="User_01_Register_To_System" time="13.219" classname="com.nopcommerce.login.Level_13_Register_Login_Log_ReportNG"/>
  <system-out>
    <![CDATA[[INFO ] [2021-06-21 01:11:20,697] User_01_Register - Step 01: Verify Home Page is displayed

[INFO ] [2021-06-21 01:11:21,470]  -------------------------- PASSED -------------------------- 

[INFO ] [2021-06-21 01:11:21,475] User_01_Register - Step 02: Click to Register link

[INFO ] [2021-06-21 01:11:23,867] User_01_Register - Step 03: Click to Male radio button

[INFO ] [2021-06-21 01:11:24,109] User_01_Register - Step 04: Enter to Firstname textbox

[INFO ] [2021-06-21 01:11:25,247] User_01_Register - Step 05: Enter to Lastname textbox

[INFO ] [2021-06-21 01:11:26,426] User_01_Register - Step 06: Enter to Email textbox with value testing12033@live.com

[INFO ] [2021-06-21 01:11:26,855] User_01_Register - Step 07: Enter to Password textbox with value 123456

[INFO ] [2021-06-21 01:11:27,147] User_01_Register - Step 08: Enter to Confirm Password textbox with value 123456

[INFO ] [2021-06-21 01:11:27,914] User_01_Register - Step 09: Click to Register button

[INFO ] [2021-06-21 01:11:31,290] User_01_Register - Step 10: Verify success message displayed

[INFO ] [2021-06-21 01:11:31,377]  -------------------------- PASSED -------------------------- 

[INFO ] [2021-06-21 01:11:31,378] User_01_Register - Step 11: Click to Logout  link

[INFO ] [2021-06-21 01:11:33,808] User_01_Register - Step 12: Verify Home Page displayed

[INFO ] [2021-06-21 01:11:33,911]  -------------------------- PASSED -------------------------- 
]]>
  </system-out>
</testsuite> <!-- com.nopcommerce.login.Level_13_Register_Login_Log_ReportNG -->
